<?xml version="1.0" encoding="UTF-8"?>
<!-- Generated by org.testng.reporters.JUnitXMLReporter -->
<testsuite ignored="0" hostname="DESKTOP-QGMKBOH" failures="1" tests="17" name="LetCode Regression Test" time="78.998" errors="0" timestamp="2025-10-24T18:51:35 IST">
  <testcase classname="com.letcode.testcases.InputPageTest" name="FirstTextBoxInputTest" time="0.778"/>
  <testcase classname="com.letcode.testcases.InputPageTest" name="SecondTextBoxInputTest" time="1.334"/>
  <testcase classname="com.letcode.testcases.InputPageTest" name="Verifythetextinsidethirdbox" time="0.68"/>
  <testcase classname="com.letcode.testcases.InputPageTest" name="VerifyTextClearTest" time="0.639"/>
  <testcase classname="com.letcode.testcases.InputPageTest" name="VerifyTheTextBoxIsEnabled" time="0.556"/>
  <testcase classname="com.letcode.testcases.InputPageTest" name="TwoTextBoxInputTest" time="0.899"/>
  <testcase classname="com.letcode.testcases.InputPageTest" name="TwoTextBoxInputTest" time="1.4"/>
  <testcase classname="com.letcode.testcases.InputPageTest" name="TwoTextBoxInputTest" time="1.162"/>
  <testcase classname="com.letcode.testcases.HomePageTests" name="ValidatePageCurrentUrlTest" time="0.006"/>
  <testcase classname="com.letcode.testcases.HomePageTests" name="ValidatePageHeadingTest" time="0.072"/>
  <testcase classname="com.letcode.testcases.HomePageTests" name="ValidatingPageTitleTest" time="0.036"/>
  <testcase classname="com.letcode.testcases.LoginTest" name="LoginWithValidCredentialsTest" time="5.477"/>
  <testcase classname="com.letcode.testcases.LoginTest" name="LoginWithInvalidCredentialsTest" time="1.731"/>
  <testcase classname="com.letcode.testcases.LoginTest" name="LetcodeLogoVisiblity" time="0.016">
    <skipped/>
  </testcase> <!-- LetcodeLogoVisiblity -->
  <testcase classname="com.letcode.testcases.LoginTest" name="LetcodeLogoVisiblity" time="0.001">
    <skipped/>
  </testcase> <!-- LetcodeLogoVisiblity -->
  <testcase classname="com.letcode.testcases.LoginTest" name="LetcodeLogoVisiblity" time="0.001">
    <skipped/>
  </testcase> <!-- LetcodeLogoVisiblity -->
  <testcase classname="com.letcode.testcases.LoginTest" name="LetcodeLogoVisiblity" time="0.0">
    <failure type="java.lang.AssertionError" message="Letcode Logo is not Visible expected [true] but found [false]">
      <![CDATA[java.lang.AssertionError: Letcode Logo is not Visible expected [true] but found [false]
at com.letcode.testcases.LoginTest.LetcodeLogoVisiblity(LoginTest.java:59)
at java.base/java.util.ArrayList.forEach(ArrayList.java:1597)
... Removed 28 stack frames]]>
    </failure>
  </testcase> <!-- LetcodeLogoVisiblity -->
</testsuite> <!-- LetCode Regression Test -->
