<?xml version="1.0" encoding="UTF-8"?>
<testng-results retried="1" ignored="0" total="15" passed="14" failed="0" skipped="0">
  <reporter-output>
  </reporter-output>
  <suite started-at="2025-10-24T18:58:04 IST" name="Suite" finished-at="2025-10-24T18:59:36 IST" duration-ms="91966">
    <groups>
    </groups>
    <test started-at="2025-10-24T18:58:04 IST" name="LetCode Regression Test" finished-at="2025-10-24T18:59:36 IST" duration-ms="91966">
      <class name="com.letcode.testcases.InputPageTest">
        <test-method is-config="true" signature="Setup()[pri:0, instance:com.letcode.testcases.InputPageTest@6f45df59]" started-at="2025-10-24T18:58:04 IST" name="Setup" finished-at="2025-10-24T18:58:10 IST" duration-ms="5890" status="PASS">
          <reporter-output>
          </reporter-output>
        </test-method> <!-- Setup -->
        <test-method signature="FirstTextBoxInputTest()[pri:1, instance:com.letcode.testcases.InputPageTest@6f45df59]" started-at="2025-10-24T18:58:10 IST" name="FirstTextBoxInputTest" finished-at="2025-10-24T18:58:11 IST" duration-ms="1247" status="PASS">
          <reporter-output>
          </reporter-output>
        </test-method> <!-- FirstTextBoxInputTest -->
        <test-method is-config="true" signature="TearDown()[pri:0, instance:com.letcode.testcases.InputPageTest@6f45df59]" started-at="2025-10-24T18:58:11 IST" name="TearDown" finished-at="2025-10-24T18:58:12 IST" duration-ms="426" status="PASS">
          <reporter-output>
          </reporter-output>
        </test-method> <!-- TearDown -->
        <test-method is-config="true" signature="Setup()[pri:0, instance:com.letcode.testcases.InputPageTest@6f45df59]" started-at="2025-10-24T18:58:12 IST" name="Setup" finished-at="2025-10-24T18:58:16 IST" duration-ms="3967" status="PASS">
          <reporter-output>
          </reporter-output>
        </test-method> <!-- Setup -->
        <test-method signature="SecondTextBoxInputTest()[pri:2, instance:com.letcode.testcases.InputPageTest@6f45df59]" started-at="2025-10-24T18:58:16 IST" name="SecondTextBoxInputTest" finished-at="2025-10-24T18:58:17 IST" duration-ms="870" status="PASS">
          <reporter-output>
          </reporter-output>
        </test-method> <!-- SecondTextBoxInputTest -->
        <test-method is-config="true" signature="TearDown()[pri:0, instance:com.letcode.testcases.InputPageTest@6f45df59]" started-at="2025-10-24T18:58:17 IST" name="TearDown" finished-at="2025-10-24T18:58:17 IST" duration-ms="272" status="PASS">
          <reporter-output>
          </reporter-output>
        </test-method> <!-- TearDown -->
        <test-method is-config="true" signature="Setup()[pri:0, instance:com.letcode.testcases.InputPageTest@6f45df59]" started-at="2025-10-24T18:58:17 IST" name="Setup" finished-at="2025-10-24T18:58:20 IST" duration-ms="2910" status="PASS">
          <reporter-output>
          </reporter-output>
        </test-method> <!-- Setup -->
        <test-method signature="Verifythetextinsidethirdbox()[pri:3, instance:com.letcode.testcases.InputPageTest@6f45df59]" started-at="2025-10-24T18:58:20 IST" name="Verifythetextinsidethirdbox" finished-at="2025-10-24T18:58:20 IST" duration-ms="548" status="PASS">
          <reporter-output>
          </reporter-output>
        </test-method> <!-- Verifythetextinsidethirdbox -->
        <test-method is-config="true" signature="TearDown()[pri:0, instance:com.letcode.testcases.InputPageTest@6f45df59]" started-at="2025-10-24T18:58:20 IST" name="TearDown" finished-at="2025-10-24T18:58:21 IST" duration-ms="179" status="PASS">
          <reporter-output>
          </reporter-output>
        </test-method> <!-- TearDown -->
        <test-method is-config="true" signature="Setup()[pri:0, instance:com.letcode.testcases.InputPageTest@6f45df59]" started-at="2025-10-24T18:58:21 IST" name="Setup" finished-at="2025-10-24T18:58:24 IST" duration-ms="3241" status="PASS">
          <reporter-output>
          </reporter-output>
        </test-method> <!-- Setup -->
        <test-method signature="VerifyTextClearTest()[pri:4, instance:com.letcode.testcases.InputPageTest@6f45df59]" started-at="2025-10-24T18:58:24 IST" name="VerifyTextClearTest" finished-at="2025-10-24T18:58:25 IST" duration-ms="911" status="PASS">
          <reporter-output>
          </reporter-output>
        </test-method> <!-- VerifyTextClearTest -->
        <test-method is-config="true" signature="TearDown()[pri:0, instance:com.letcode.testcases.InputPageTest@6f45df59]" started-at="2025-10-24T18:58:25 IST" name="TearDown" finished-at="2025-10-24T18:58:25 IST" duration-ms="293" status="PASS">
          <reporter-output>
          </reporter-output>
        </test-method> <!-- TearDown -->
        <test-method is-config="true" signature="Setup()[pri:0, instance:com.letcode.testcases.InputPageTest@6f45df59]" started-at="2025-10-24T18:58:25 IST" name="Setup" finished-at="2025-10-24T18:58:28 IST" duration-ms="2975" status="PASS">
          <reporter-output>
          </reporter-output>
        </test-method> <!-- Setup -->
        <test-method signature="VerifyTheTextBoxIsEnabled()[pri:5, instance:com.letcode.testcases.InputPageTest@6f45df59]" started-at="2025-10-24T18:58:28 IST" name="VerifyTheTextBoxIsEnabled" finished-at="2025-10-24T18:58:29 IST" duration-ms="795" status="PASS">
          <reporter-output>
          </reporter-output>
        </test-method> <!-- VerifyTheTextBoxIsEnabled -->
        <test-method is-config="true" signature="TearDown()[pri:0, instance:com.letcode.testcases.InputPageTest@6f45df59]" started-at="2025-10-24T18:58:29 IST" name="TearDown" finished-at="2025-10-24T18:58:29 IST" duration-ms="275" status="PASS">
          <reporter-output>
          </reporter-output>
        </test-method> <!-- TearDown -->
        <test-method is-config="true" signature="Setup()[pri:0, instance:com.letcode.testcases.InputPageTest@6f45df59]" started-at="2025-10-24T18:58:30 IST" name="Setup" finished-at="2025-10-24T18:58:33 IST" duration-ms="3084" status="PASS">
          <reporter-output>
          </reporter-output>
        </test-method> <!-- Setup -->
        <test-method signature="TwoTextBoxInputTest(java.lang.String,java.lang.String)[pri:6, instance:com.letcode.testcases.InputPageTest@6f45df59]" started-at="2025-10-24T18:58:33 IST" name="TwoTextBoxInputTest" data-provider="getdata" finished-at="2025-10-24T18:58:34 IST" duration-ms="898" status="PASS">
          <params>
            <param index="0">
              <value>
                <![CDATA[Karthik Balasburamanian]]>
              </value>
            </param>
            <param index="1">
              <value>
                <![CDATA[  Human Being]]>
              </value>
            </param>
          </params>
          <reporter-output>
          </reporter-output>
        </test-method> <!-- TwoTextBoxInputTest -->
        <test-method is-config="true" signature="TearDown()[pri:0, instance:com.letcode.testcases.InputPageTest@6f45df59]" started-at="2025-10-24T18:58:34 IST" name="TearDown" finished-at="2025-10-24T18:58:34 IST" duration-ms="193" status="PASS">
          <reporter-output>
          </reporter-output>
        </test-method> <!-- TearDown -->
        <test-method is-config="true" signature="Setup()[pri:0, instance:com.letcode.testcases.InputPageTest@6f45df59]" started-at="2025-10-24T18:58:34 IST" name="Setup" finished-at="2025-10-24T18:58:38 IST" duration-ms="3257" status="PASS">
          <reporter-output>
          </reporter-output>
        </test-method> <!-- Setup -->
        <test-method signature="TwoTextBoxInputTest(java.lang.String,java.lang.String)[pri:6, instance:com.letcode.testcases.InputPageTest@6f45df59]" started-at="2025-10-24T18:58:38 IST" name="TwoTextBoxInputTest" data-provider="getdata" finished-at="2025-10-24T18:58:39 IST" duration-ms="1091" status="PASS">
          <params>
            <param index="0">
              <value>
                <![CDATA[Nageswari Karthik]]>
              </value>
            </param>
            <param index="1">
              <value>
                <![CDATA[  Mother]]>
              </value>
            </param>
          </params>
          <reporter-output>
          </reporter-output>
        </test-method> <!-- TwoTextBoxInputTest -->
        <test-method is-config="true" signature="TearDown()[pri:0, instance:com.letcode.testcases.InputPageTest@6f45df59]" started-at="2025-10-24T18:58:39 IST" name="TearDown" finished-at="2025-10-24T18:58:39 IST" duration-ms="181" status="PASS">
          <reporter-output>
          </reporter-output>
        </test-method> <!-- TearDown -->
        <test-method is-config="true" signature="Setup()[pri:0, instance:com.letcode.testcases.InputPageTest@6f45df59]" started-at="2025-10-24T18:58:39 IST" name="Setup" finished-at="2025-10-24T18:58:42 IST" duration-ms="3139" status="PASS">
          <reporter-output>
          </reporter-output>
        </test-method> <!-- Setup -->
        <test-method signature="TwoTextBoxInputTest(java.lang.String,java.lang.String)[pri:6, instance:com.letcode.testcases.InputPageTest@6f45df59]" started-at="2025-10-24T18:58:42 IST" name="TwoTextBoxInputTest" data-provider="getdata" finished-at="2025-10-24T18:58:43 IST" duration-ms="864" status="PASS">
          <params>
            <param index="0">
              <value>
                <![CDATA[Nyraa Pandi Karthik]]>
              </value>
            </param>
            <param index="1">
              <value>
                <![CDATA[ Daughter]]>
              </value>
            </param>
          </params>
          <reporter-output>
          </reporter-output>
        </test-method> <!-- TwoTextBoxInputTest -->
        <test-method is-config="true" signature="TearDown()[pri:0, instance:com.letcode.testcases.InputPageTest@6f45df59]" started-at="2025-10-24T18:58:43 IST" name="TearDown" finished-at="2025-10-24T18:58:43 IST" duration-ms="177" status="PASS">
          <reporter-output>
          </reporter-output>
        </test-method> <!-- TearDown -->
      </class> <!-- com.letcode.testcases.InputPageTest -->
      <class name="com.letcode.testcases.LoginTest">
        <test-method is-config="true" signature="Setup()[pri:0, instance:com.letcode.testcases.LoginTest@45ca843]" started-at="2025-10-24T18:58:55 IST" name="Setup" finished-at="2025-10-24T18:58:58 IST" duration-ms="3338" status="PASS">
          <reporter-output>
          </reporter-output>
        </test-method> <!-- Setup -->
        <test-method retried="true" signature="LoginWithValidCredentialsTest()[pri:1, instance:com.letcode.testcases.LoginTest@45ca843]" started-at="2025-10-24T18:58:58 IST" name="LoginWithValidCredentialsTest" finished-at="2025-10-24T18:59:19 IST" duration-ms="20991" status="SKIP">
          <exception class="org.openqa.selenium.TimeoutException">
            <message>
              <![CDATA[Expected condition failed: waiting for presence of element located by: By.xpath: //div[contains(text(),' Login Successful')] (tried for 20 second(s) with 500 milliseconds interval)]]>
            </message>
            <full-stacktrace>
              <![CDATA[org.openqa.selenium.TimeoutException: Expected condition failed: waiting for presence of element located by: By.xpath: //div[contains(text(),' Login Successful')] (tried for 20 second(s) with 500 milliseconds interval)
at org.openqa.selenium.support.ui.WebDriverWait.timeoutException(WebDriverWait.java:84)
at org.openqa.selenium.support.ui.FluentWait.until(FluentWait.java:228)
at com.letcode.utilities.Utilities.WaitForElementPresence(Utilities.java:42)
at com.letcode.pageobject.LoginPage.ValidateSuccessMessage(LoginPage.java:63)
at com.letcode.testcases.LoginTest.LoginWithValidCredentialsTest(LoginTest.java:41)
at java.base/jdk.internal.reflect.DirectMethodHandleAccessor.invoke(DirectMethodHandleAccessor.java:103)
at java.base/java.lang.reflect.Method.invoke(Method.java:580)
at org.testng.internal.invokers.MethodInvocationHelper.invokeMethod(MethodInvocationHelper.java:141)
at org.testng.internal.invokers.TestInvoker.invokeMethod(TestInvoker.java:687)
at org.testng.internal.invokers.TestInvoker.invokeTestMethod(TestInvoker.java:230)
at org.testng.internal.invokers.MethodRunner.runInSequence(MethodRunner.java:63)
at org.testng.internal.invokers.TestInvoker$MethodInvocationAgent.invoke(TestInvoker.java:995)
at org.testng.internal.invokers.TestInvoker.invokeTestMethods(TestInvoker.java:203)
at org.testng.internal.invokers.TestMethodWorker.invokeTestMethods(TestMethodWorker.java:154)
at org.testng.internal.invokers.TestMethodWorker.run(TestMethodWorker.java:134)
at java.base/java.util.ArrayList.forEach(ArrayList.java:1597)
at org.testng.TestRunner.privateRun(TestRunner.java:741)
at org.testng.TestRunner.run(TestRunner.java:616)
at org.testng.SuiteRunner.runTest(SuiteRunner.java:421)
at org.testng.SuiteRunner.runSequentially(SuiteRunner.java:413)
at org.testng.SuiteRunner.privateRun(SuiteRunner.java:373)
at org.testng.SuiteRunner.run(SuiteRunner.java:312)
at org.testng.SuiteRunnerWorker.runSuite(SuiteRunnerWorker.java:52)
at org.testng.SuiteRunnerWorker.run(SuiteRunnerWorker.java:95)
at org.testng.TestNG.runSuitesSequentially(TestNG.java:1274)
at org.testng.TestNG.runSuitesLocally(TestNG.java:1208)
at org.testng.TestNG.runSuites(TestNG.java:1112)
at org.testng.TestNG.run(TestNG.java:1079)
at org.testng.remote.AbstractRemoteTestNG.run(AbstractRemoteTestNG.java:115)
at org.testng.remote.RemoteTestNG.initAndRun(RemoteTestNG.java:293)
at org.testng.remote.RemoteTestNG.main(RemoteTestNG.java:91)
Caused by: org.openqa.selenium.NoSuchElementException: no such element: Unable to locate element: {"method":"xpath","selector":"//div[contains(text(),' Login Successful')]"}
  (Session info: chrome=141.0.7390.77)
For documentation on this error, please visit: https://www.selenium.dev/documentation/webdriver/troubleshooting/errors#no-such-element-exception
Build info: version: '4.35.0', revision: '1c58e5028b'
System info: os.name: 'Windows 10', os.arch: 'amd64', os.version: '10.0', java.version: '23.0.1'
Driver info: org.openqa.selenium.chrome.ChromeDriver
Command: [986968925c6c28725f2c5f4235afe668, findElement {using=xpath, value=//div[contains(text(),' Login Successful')]}]
Capabilities {acceptInsecureCerts: false, browserName: chrome, browserVersion: 141.0.7390.77, chrome: {chromedriverVersion: 141.0.7390.122 (b477534e7e1..., userDataDir: C:\WINDOWS\SystemTemp\scope...}, fedcm:accounts: true, goog:chromeOptions: {debuggerAddress: localhost:58312}, networkConnectionEnabled: false, pageLoadStrategy: normal, platformName: windows, proxy: Proxy(), se:cdp: ws://localhost:58312/devtoo..., se:cdpVersion: 141.0.7390.77, setWindowRect: true, strictFileInteractability: false, timeouts: {implicit: 0, pageLoad: 300000, script: 30000}, unhandledPromptBehavior: dismiss and notify, webauthn:extension:credBlob: true, webauthn:extension:largeBlob: true, webauthn:extension:minPinLength: true, webauthn:extension:prf: true, webauthn:virtualAuthenticators: true}
Session ID: 986968925c6c28725f2c5f4235afe668
at java.base/jdk.internal.reflect.DirectConstructorHandleAccessor.newInstance(DirectConstructorHandleAccessor.java:62)
at java.base/java.lang.reflect.Constructor.newInstanceWithCaller(Constructor.java:501)
at java.base/java.lang.reflect.Constructor.newInstance(Constructor.java:485)
at org.openqa.selenium.remote.ErrorCodec.decode(ErrorCodec.java:167)
at org.openqa.selenium.remote.codec.w3c.W3CHttpResponseCodec.decode(W3CHttpResponseCodec.java:138)
at org.openqa.selenium.remote.codec.w3c.W3CHttpResponseCodec.decode(W3CHttpResponseCodec.java:50)
at org.openqa.selenium.remote.HttpCommandExecutor.execute(HttpCommandExecutor.java:215)
at org.openqa.selenium.remote.service.DriverCommandExecutor.invokeExecute(DriverCommandExecutor.java:216)
at org.openqa.selenium.remote.service.DriverCommandExecutor.execute(DriverCommandExecutor.java:174)
at org.openqa.selenium.remote.RemoteWebDriver.execute(RemoteWebDriver.java:557)
at org.openqa.selenium.remote.ElementLocation$ElementFinder$2.findElement(ElementLocation.java:165)
at org.openqa.selenium.remote.ElementLocation.findElement(ElementLocation.java:59)
at org.openqa.selenium.remote.RemoteWebDriver.findElement(RemoteWebDriver.java:380)
at org.openqa.selenium.remote.RemoteWebDriver.findElement(RemoteWebDriver.java:374)
at java.base/jdk.internal.reflect.DirectMethodHandleAccessor.invoke(DirectMethodHandleAccessor.java:103)
at java.base/java.lang.reflect.Method.invoke(Method.java:580)
at org.openqa.selenium.support.decorators.WebDriverDecorator.call(WebDriverDecorator.java:315)
at org.openqa.selenium.support.decorators.DefaultDecorated.call(DefaultDecorated.java:48)
at org.openqa.selenium.support.decorators.WebDriverDecorator.lambda$createProxyFactory$3(WebDriverDecorator.java:405)
at net.bytebuddy.renamed.java.lang.Object$ByteBuddy$SuCSQf2t.findElement(Unknown Source)
at org.openqa.selenium.support.ui.ExpectedConditions$6.apply(ExpectedConditions.java:171)
at org.openqa.selenium.support.ui.ExpectedConditions$6.apply(ExpectedConditions.java:168)
at org.openqa.selenium.support.ui.FluentWait.until(FluentWait.java:203)
... 29 more
]]>
            </full-stacktrace>
          </exception> <!-- org.openqa.selenium.TimeoutException -->
          <reporter-output>
          </reporter-output>
        </test-method> <!-- LoginWithValidCredentialsTest -->
        <test-method is-config="true" signature="TearDown()[pri:0, instance:com.letcode.testcases.LoginTest@45ca843]" started-at="2025-10-24T18:59:19 IST" name="TearDown" finished-at="2025-10-24T18:59:20 IST" duration-ms="180" status="PASS">
          <reporter-output>
          </reporter-output>
        </test-method> <!-- TearDown -->
        <test-method is-config="true" signature="Setup()[pri:0, instance:com.letcode.testcases.LoginTest@45ca843]" started-at="2025-10-24T18:59:20 IST" name="Setup" finished-at="2025-10-24T18:59:23 IST" duration-ms="3320" status="PASS">
          <reporter-output>
          </reporter-output>
        </test-method> <!-- Setup -->
        <test-method signature="LoginWithValidCredentialsTest()[pri:1, instance:com.letcode.testcases.LoginTest@45ca843]" started-at="2025-10-24T18:59:23 IST" name="LoginWithValidCredentialsTest" finished-at="2025-10-24T18:59:25 IST" duration-ms="2623" status="PASS">
          <reporter-output>
          </reporter-output>
        </test-method> <!-- LoginWithValidCredentialsTest -->
        <test-method is-config="true" signature="TearDown()[pri:0, instance:com.letcode.testcases.LoginTest@45ca843]" started-at="2025-10-24T18:59:25 IST" name="TearDown" finished-at="2025-10-24T18:59:26 IST" duration-ms="185" status="PASS">
          <reporter-output>
          </reporter-output>
        </test-method> <!-- TearDown -->
        <test-method is-config="true" signature="Setup()[pri:0, instance:com.letcode.testcases.LoginTest@45ca843]" started-at="2025-10-24T18:59:26 IST" name="Setup" finished-at="2025-10-24T18:59:29 IST" duration-ms="3255" status="PASS">
          <reporter-output>
          </reporter-output>
        </test-method> <!-- Setup -->
        <test-method signature="LoginWithInvalidCredentialsTest()[pri:2, instance:com.letcode.testcases.LoginTest@45ca843]" started-at="2025-10-24T18:59:29 IST" name="LoginWithInvalidCredentialsTest" finished-at="2025-10-24T18:59:32 IST" duration-ms="2846" status="PASS">
          <reporter-output>
          </reporter-output>
        </test-method> <!-- LoginWithInvalidCredentialsTest -->
        <test-method is-config="true" signature="TearDown()[pri:0, instance:com.letcode.testcases.LoginTest@45ca843]" started-at="2025-10-24T18:59:32 IST" name="TearDown" finished-at="2025-10-24T18:59:33 IST" duration-ms="993" status="PASS">
          <reporter-output>
          </reporter-output>
        </test-method> <!-- TearDown -->
        <test-method is-config="true" signature="Setup()[pri:0, instance:com.letcode.testcases.LoginTest@45ca843]" started-at="2025-10-24T18:59:33 IST" name="Setup" finished-at="2025-10-24T18:59:36 IST" duration-ms="3204" status="PASS">
          <reporter-output>
          </reporter-output>
        </test-method> <!-- Setup -->
        <test-method signature="LetcodeLogoVisiblity()[pri:3, instance:com.letcode.testcases.LoginTest@45ca843]" started-at="2025-10-24T18:59:36 IST" name="LetcodeLogoVisiblity" finished-at="2025-10-24T18:59:36 IST" duration-ms="50" status="PASS">
          <reporter-output>
          </reporter-output>
        </test-method> <!-- LetcodeLogoVisiblity -->
        <test-method is-config="true" signature="TearDown()[pri:0, instance:com.letcode.testcases.LoginTest@45ca843]" started-at="2025-10-24T18:59:36 IST" name="TearDown" finished-at="2025-10-24T18:59:36 IST" duration-ms="216" status="PASS">
          <reporter-output>
          </reporter-output>
        </test-method> <!-- TearDown -->
      </class> <!-- com.letcode.testcases.LoginTest -->
      <class name="com.letcode.testcases.HomePageTests">
        <test-method is-config="true" signature="Setup()[pri:0, instance:com.letcode.testcases.HomePageTests@1d8bd0de]" started-at="2025-10-24T18:58:43 IST" name="Setup" finished-at="2025-10-24T18:58:46 IST" duration-ms="2724" status="PASS">
          <reporter-output>
          </reporter-output>
        </test-method> <!-- Setup -->
        <test-method signature="ValidatePageCurrentUrlTest()[pri:0, instance:com.letcode.testcases.HomePageTests@1d8bd0de]" started-at="2025-10-24T18:58:46 IST" name="ValidatePageCurrentUrlTest" finished-at="2025-10-24T18:58:46 IST" duration-ms="15" status="PASS">
          <reporter-output>
          </reporter-output>
        </test-method> <!-- ValidatePageCurrentUrlTest -->
        <test-method is-config="true" signature="TearDown()[pri:0, instance:com.letcode.testcases.HomePageTests@1d8bd0de]" started-at="2025-10-24T18:58:46 IST" name="TearDown" finished-at="2025-10-24T18:58:46 IST" duration-ms="207" status="PASS">
          <reporter-output>
          </reporter-output>
        </test-method> <!-- TearDown -->
        <test-method is-config="true" signature="Setup()[pri:0, instance:com.letcode.testcases.HomePageTests@1d8bd0de]" started-at="2025-10-24T18:58:46 IST" name="Setup" finished-at="2025-10-24T18:58:49 IST" duration-ms="3492" status="PASS">
          <reporter-output>
          </reporter-output>
        </test-method> <!-- Setup -->
        <test-method signature="ValidatePageHeadingTest()[pri:0, instance:com.letcode.testcases.HomePageTests@1d8bd0de]" started-at="2025-10-24T18:58:49 IST" name="ValidatePageHeadingTest" finished-at="2025-10-24T18:58:50 IST" duration-ms="100" status="PASS">
          <reporter-output>
          </reporter-output>
        </test-method> <!-- ValidatePageHeadingTest -->
        <test-method is-config="true" signature="TearDown()[pri:0, instance:com.letcode.testcases.HomePageTests@1d8bd0de]" started-at="2025-10-24T18:58:50 IST" name="TearDown" finished-at="2025-10-24T18:58:50 IST" duration-ms="193" status="PASS">
          <reporter-output>
          </reporter-output>
        </test-method> <!-- TearDown -->
        <test-method is-config="true" signature="Setup()[pri:0, instance:com.letcode.testcases.HomePageTests@1d8bd0de]" started-at="2025-10-24T18:58:50 IST" name="Setup" finished-at="2025-10-24T18:58:55 IST" duration-ms="5036" status="PASS">
          <reporter-output>
          </reporter-output>
        </test-method> <!-- Setup -->
        <test-method signature="ValidatingPageTitleTest()[pri:0, instance:com.letcode.testcases.HomePageTests@1d8bd0de]" started-at="2025-10-24T18:58:55 IST" name="ValidatingPageTitleTest" finished-at="2025-10-24T18:58:55 IST" duration-ms="16" status="PASS">
          <reporter-output>
          </reporter-output>
        </test-method> <!-- ValidatingPageTitleTest -->
        <test-method is-config="true" signature="TearDown()[pri:0, instance:com.letcode.testcases.HomePageTests@1d8bd0de]" started-at="2025-10-24T18:58:55 IST" name="TearDown" finished-at="2025-10-24T18:58:55 IST" duration-ms="176" status="PASS">
          <reporter-output>
          </reporter-output>
        </test-method> <!-- TearDown -->
      </class> <!-- com.letcode.testcases.HomePageTests -->
    </test> <!-- LetCode Regression Test -->
  </suite> <!-- Suite -->
</testng-results>
